<?xml version="1.0" encoding="UTF-8"?>
<!-- Generated by org.testng.reporters.JUnitReportReporter -->
<testsuite hostname="hitendram" failures="0" tests="1" name="sitetesting.NavigateToHomePage" time="8.784" errors="0" timestamp="04 Apr 2019 09:16:16 GMT" skipped="0">
  <testcase classname="sitetesting.NavigateToHomePage" name="homepage" time="8.784"/>
</testsuite> <!-- sitetesting.NavigateToHomePage -->
