<?xml version="1.0" encoding="UTF-8"?>
<!-- Generated by org.testng.reporters.JUnitReportReporter -->
<testsuite hostname="hitendram" failures="0" tests="1" name="sitetesting.SelectFromFirstRow" time="3.206" errors="0" timestamp="12 Apr 2019 12:25:39 GMT" skipped="0">
  <testcase classname="sitetesting.SelectFromFirstRow" name="SelectionfromRows" time="3.206"/>
</testsuite> <!-- sitetesting.SelectFromFirstRow -->
