<?xml version="1.0" encoding="UTF-8"?>
<!-- Generated by org.testng.reporters.JUnitReportReporter -->
<testsuite hostname="hitendram" failures="0" tests="1" name="sitetesting.SelectFromFirstRow" time="2.071" errors="0" timestamp="12 Apr 2019 09:28:25 GMT" skipped="0">
  <testcase classname="sitetesting.SelectFromFirstRow" name="SelectionfromRows" time="2.071"/>
</testsuite> <!-- sitetesting.SelectFromFirstRow -->
