<?xml version="1.0" encoding="UTF-8"?>
<!-- Generated by org.testng.reporters.JUnitReportReporter -->
<testsuite hostname="hitendram" failures="0" tests="1" name="sitetesting.SearchFlight" time="0.006" errors="0" timestamp="04 Apr 2019 11:04:16 GMT" skipped="0">
  <testcase classname="sitetesting.SearchFlight" name="selectFromAndTo" time="0.006"/>
</testsuite> <!-- sitetesting.SearchFlight -->
